<?xml version="1.0" encoding="UTF-8"?>
<!-- Generated by org.testng.reporters.JUnitReportReporter -->
<testsuite hostname="DESKTOP-2319ALN" failures="0" tests="5" name="com.training.sanity.tests.AddValidUserTest" time="158.189" errors="0" timestamp="14 Sep 2019 08:48:06 GMT" skipped="0">
  <testcase classname="com.training.sanity.tests.AddValidUserTest" name="validLoginTest" time="5.264"/>
  <testcase classname="com.training.sanity.tests.AddValidUserTest" name="addvalidUser" time="37.295"/>
  <testcase classname="com.training.sanity.tests.AddValidUserTest" name="addvalidUser" time="40.552"/>
  <testcase classname="com.training.sanity.tests.AddValidUserTest" name="addvalidUser" time="38.097"/>
  <testcase classname="com.training.sanity.tests.AddValidUserTest" name="addvalidUser" time="36.981"/>
</testsuite> <!-- com.training.sanity.tests.AddValidUserTest -->
