<?xml version="1.0" encoding="UTF-8"?>
<!-- Generated by org.testng.reporters.JUnitReportReporter -->
<testsuite hostname="DESKTOP-2319ALN" failures="0" tests="2" name="com.training.sanity.tests.CreateGroupTest" time="59.427" errors="0" timestamp="03 Sep 2019 04:07:24 GMT" skipped="0">
  <testcase classname="com.training.sanity.tests.CreateGroupTest" name="validLoginTest" time="1.737"/>
  <testcase classname="com.training.sanity.tests.CreateGroupTest" name="createGroup" time="57.690"/>
</testsuite> <!-- com.training.sanity.tests.CreateGroupTest -->
