<?xml version="1.0" encoding="UTF-8"?>
<!-- Generated by org.testng.reporters.JUnitReportReporter -->
<testsuite hostname="DESKTOP-2319ALN" failures="0" tests="5" name="com.training.sanity.tests.AddInvalidUserTest" time="138.176" errors="0" timestamp="14 Sep 2019 10:20:43 GMT" skipped="0">
  <testcase classname="com.training.sanity.tests.AddInvalidUserTest" name="validLoginTest" time="5.254"/>
  <testcase classname="com.training.sanity.tests.AddInvalidUserTest" name="addInvalidUser" time="33.310"/>
  <testcase classname="com.training.sanity.tests.AddInvalidUserTest" name="addInvalidUser" time="33.741"/>
  <testcase classname="com.training.sanity.tests.AddInvalidUserTest" name="addInvalidUser" time="32.804"/>
  <testcase classname="com.training.sanity.tests.AddInvalidUserTest" name="addInvalidUser" time="33.067"/>
</testsuite> <!-- com.training.sanity.tests.AddInvalidUserTest -->
