<?xml version="1.0" encoding="UTF-8"?>
<!-- Generated by org.testng.reporters.JUnitReportReporter -->
<testsuite hostname="DESKTOP-2319ALN" failures="0" tests="2" name="com.training.sanity.tests.ReportGenerateTest" time="38.846" errors="0" timestamp="02 Sep 2019 04:33:40 GMT" skipped="0">
  <testcase classname="com.training.sanity.tests.ReportGenerateTest" name="validLoginTest" time="1.572"/>
  <testcase classname="com.training.sanity.tests.ReportGenerateTest" name="sendReport" time="37.274"/>
</testsuite> <!-- com.training.sanity.tests.ReportGenerateTest -->
