<?xml version="1.0" encoding="UTF-8"?>
<!-- Generated by org.testng.reporters.JUnitReportReporter -->
<testsuite hostname="DESKTOP-2319ALN" failures="0" tests="2" name="com.training.sanity.tests.AddUserDBTest" time="48.500" errors="0" timestamp="15 Sep 2019 08:10:23 GMT" skipped="0">
  <testcase classname="com.training.sanity.tests.AddUserDBTest" name="validLoginTest" time="6.829"/>
  <testcase classname="com.training.sanity.tests.AddUserDBTest" name="addUserDB" time="41.671"/>
</testsuite> <!-- com.training.sanity.tests.AddUserDBTest -->
