<?xml version="1.0" encoding="UTF-8"?>
<!-- Generated by org.testng.reporters.JUnitReportReporter -->
<testsuite hostname="DESKTOP-2319ALN" failures="0" tests="2" name="com.training.sanity.tests.ReportSendTest" time="76.066" errors="0" timestamp="02 Sep 2019 04:25:38 GMT" skipped="0">
  <testcase classname="com.training.sanity.tests.ReportSendTest" name="validLoginTest" time="8.795"/>
  <testcase classname="com.training.sanity.tests.ReportSendTest" name="sendReport" time="67.271"/>
</testsuite> <!-- com.training.sanity.tests.ReportSendTest -->
