<?xml version="1.0" encoding="UTF-8"?>
<!-- Generated by org.testng.reporters.JUnitReportReporter -->
<testsuite hostname="DESKTOP-2319ALN" failures="0" tests="2" name="com.training.sanity.tests.CourseDescriptionTest" time="31.076" errors="0" timestamp="26 Aug 2019 05:46:01 GMT" skipped="0">
  <testcase classname="com.training.sanity.tests.CourseDescriptionTest" name="validLoginTest" time="2.328"/>
  <testcase classname="com.training.sanity.tests.CourseDescriptionTest" name="EnterCourseDesc" time="28.748"/>
</testsuite> <!-- com.training.sanity.tests.CourseDescriptionTest -->
