<?xml version="1.0" encoding="UTF-8"?>
<!-- Generated by org.testng.reporters.JUnitReportReporter -->
<testsuite hostname="DESKTOP-2319ALN" failures="0" tests="2" name="com.training.sanity.tests.UnsubscribeUserTest" time="14.751" errors="0" timestamp="26 Aug 2019 05:49:09 GMT" skipped="0">
  <testcase classname="com.training.sanity.tests.UnsubscribeUserTest" name="validLoginTest" time="2.180"/>
  <testcase classname="com.training.sanity.tests.UnsubscribeUserTest" name="EnterCourseDesc" time="12.571"/>
</testsuite> <!-- com.training.sanity.tests.UnsubscribeUserTest -->
