<?xml version="1.0" encoding="UTF-8"?>
<!-- Generated by org.testng.reporters.JUnitReportReporter -->
<testsuite hostname="DESKTOP-2319ALN" failures="0" tests="1" name="com.training.sanity.tests.LoginTests" time="10.263" errors="0" timestamp="26 Aug 2019 04:40:11 GMT" skipped="0">
  <testcase classname="com.training.sanity.tests.LoginTests" name="validLoginTest" time="10.263"/>
</testsuite> <!-- com.training.sanity.tests.LoginTests -->
