<?xml version="1.0" encoding="UTF-8"?>
<!-- Generated by org.testng.reporters.JUnitReportReporter -->
<testsuite hostname="DESKTOP-2319ALN" failures="0" tests="2" name="com.training.sanity.tests.AddCourseTest" time="51.071" errors="0" timestamp="26 Aug 2019 05:41:21 GMT" skipped="0">
  <testcase classname="com.training.sanity.tests.AddCourseTest" name="validLoginTest" time="6.532"/>
  <testcase classname="com.training.sanity.tests.AddCourseTest" name="AddNewCourse" time="44.539"/>
</testsuite> <!-- com.training.sanity.tests.AddCourseTest -->
